<?xml version="1.0" encoding="UTF-8"?>
<!-- Generated by org.testng.reporters.JUnitReportReporter -->
<testsuite hostname="INSPIRON-3250" failures="0" tests="1" name="Test.ZerodhaLoginPageTest" time="39.440" errors="0" timestamp="2022-06-07T19:51:47 IST" skipped="0">
  <testcase classname="Test.ZerodhaLoginPageTest" name="LoginWithValidCredintialsTest" time="39.440"/>
  <system-out/>
</testsuite> <!-- Test.ZerodhaLoginPageTest -->
