<?xml version="1.0" encoding="UTF-8"?>
<!-- Generated by org.testng.reporters.JUnitReportReporter -->
<testsuite hostname="INSPIRON-3250" failures="0" tests="1" name="Test.ZerodhaPinPageTest" time="13.508" errors="0" timestamp="2022-06-07T20:24:09 IST" skipped="0">
  <testcase classname="Test.ZerodhaPinPageTest" name="entercorretpin" time="13.508"/>
  <system-out/>
</testsuite> <!-- Test.ZerodhaPinPageTest -->
